<?xml version="1.0" encoding="UTF-8"?>
<!-- Generated by org.testng.reporters.JUnitReportReporter -->
<testsuite skipped="0" hostname="DESKTOP-MA00OC7" name="MavenTutorial.AppiumFramework.ApiDemosTest" tests="2" failures="0" timestamp="2020-09-25T15:18:57 EDT" time="51.430" errors="0">
  <testcase name="ApiDemos" time="24.701" classname="MavenTutorial.AppiumFramework.ApiDemosTest"/>
  <testcase name="ApiDemos" time="26.729" classname="MavenTutorial.AppiumFramework.ApiDemosTest"/>
</testsuite> <!-- MavenTutorial.AppiumFramework.ApiDemosTest -->
