<?xml version="1.0" encoding="UTF-8"?>
<!-- Generated by org.testng.reporters.JUnitReportReporter -->
<testsuite skipped="0" hostname="DESKTOP-MA00OC7" name="MavenTutorial.AppiumFramework.TestCase3" tests="1" failures="0" timestamp="2020-09-16T16:43:10 EDT" time="75.051" errors="0">
  <testcase name="totalValidation" time="75.051" classname="MavenTutorial.AppiumFramework.TestCase3"/>
</testsuite> <!-- MavenTutorial.AppiumFramework.TestCase3 -->
