<?xml version="1.0" encoding="UTF-8"?>
<!-- Generated by org.testng.reporters.JUnitReportReporter -->
<testsuite skipped="0" hostname="DESKTOP-MA00OC7" name="MavenTutorial.AppiumFramework.EcommerceTest" tests="1" failures="0" timestamp="2020-09-25T15:18:57 EDT" time="46.834" errors="0">
  <testcase name="totalValidation" time="46.834" classname="MavenTutorial.AppiumFramework.EcommerceTest"/>
</testsuite> <!-- MavenTutorial.AppiumFramework.EcommerceTest -->
