<?xml version="1.0" encoding="UTF-8"?>
<!-- Generated by org.testng.reporters.JUnitReportReporter -->
<testsuite skipped="0" hostname="DESKTOP-MA00OC7" name="MavenTutorial.AppiumFramework.EcommerceTest" tests="1" failures="0" timestamp="2020-09-25T15:39:19 EDT" time="43.659" errors="0">
  <testcase name="totalValidation" time="43.659" classname="MavenTutorial.AppiumFramework.EcommerceTest"/>
  <system-out/>
</testsuite> <!-- MavenTutorial.AppiumFramework.EcommerceTest -->
