<?xml version="1.0" encoding="UTF-8"?>
<!-- Generated by org.testng.reporters.JUnitReportReporter -->
<testsuite skipped="0" hostname="DESKTOP-MA00OC7" name="MavenTutorial.AppiumFramework.ApiDemosTest" tests="2" failures="0" timestamp="2020-09-25T15:39:19 EDT" time="47.326" errors="0">
  <testcase name="ApiDemos" time="23.224" classname="MavenTutorial.AppiumFramework.ApiDemosTest"/>
  <system-out/>
  <testcase name="ApiDemos" time="24.102" classname="MavenTutorial.AppiumFramework.ApiDemosTest"/>
  <system-out/>
</testsuite> <!-- MavenTutorial.AppiumFramework.ApiDemosTest -->
